2023-03-02 16:16:10,993 [Worker-5: Loading available Gradle versions] INFO  o.e.b.c.i.u.g.PublishedGradleVersions - Gradle version information cache is out-of-date. Trying to update.
2023-03-02 16:16:13,122 [Worker-5: Loading available Gradle versions] INFO  o.e.b.c.i.u.g.PublishedGradleVersions - Updating Gradle version information cache failed. Using outdated cache.
2023-03-02 16:18:24,217 [Worker-5: Building] INFO  o.e.m.c.i.l.LifecycleMappingFactory - Using org.eclipse.m2e.jdt.JarLifecycleMapping lifecycle mapping for MavenProject: com.example:crud:0.0.1-SNAPSHOT @ C:\Users\Ameen Sheriff\Documents\REST API AND SPRINGBOOT COMPONENTS\CA 1\crud1\pom.xml.
2023-03-02 16:18:26,658 [Worker-5: Building] INFO  o.a.m.s.f.DefaultMavenResourcesFiltering - Copying 1 resource
2023-03-02 16:18:26,706 [Worker-5: Building] INFO  o.a.m.s.f.DefaultMavenResourcesFiltering - Copying 0 resource
2023-03-02 16:18:26,715 [Worker-5: Building] INFO  o.a.m.s.f.DefaultMavenResourcesFiltering - skip non existing resourceDirectory C:\Users\Ameen Sheriff\Documents\REST API AND SPRINGBOOT COMPONENTS\CA 1\crud1\src\test\resources
2023-03-02 16:18:27,693 [Worker-5: Building] INFO  o.e.m.c.i.l.LifecycleMappingFactory - Using org.eclipse.m2e.jdt.JarLifecycleMapping lifecycle mapping for MavenProject: com.example:crud:0.0.1-SNAPSHOT @ C:\Users\Ameen Sheriff\Documents\REST API AND SPRINGBOOT COMPONENTS\CA 1\crud2\pom.xml.
2023-03-02 16:18:28,666 [Worker-5: Building] INFO  o.a.m.s.f.DefaultMavenResourcesFiltering - Copying 1 resource
2023-03-02 16:18:28,711 [Worker-5: Building] INFO  o.a.m.s.f.DefaultMavenResourcesFiltering - Copying 0 resource
2023-03-02 16:18:28,718 [Worker-5: Building] INFO  o.a.m.s.f.DefaultMavenResourcesFiltering - skip non existing resourceDirectory C:\Users\Ameen Sheriff\Documents\REST API AND SPRINGBOOT COMPONENTS\CA 1\crud2\src\test\resources
2023-03-02 16:18:29,441 [Worker-5: Building] INFO  o.e.m.c.i.l.LifecycleMappingFactory - Using org.eclipse.m2e.jdt.JarLifecycleMapping lifecycle mapping for MavenProject: com.example:crud:0.0.1-SNAPSHOT @ C:\Users\Ameen Sheriff\Documents\REST API AND SPRINGBOOT COMPONENTS\CA 1\crud3\pom.xml.
2023-03-02 16:18:30,446 [Worker-5: Building] INFO  o.a.m.s.f.DefaultMavenResourcesFiltering - Copying 1 resource
2023-03-02 16:18:30,523 [Worker-5: Building] INFO  o.a.m.s.f.DefaultMavenResourcesFiltering - Copying 0 resource
2023-03-02 16:18:30,531 [Worker-5: Building] INFO  o.a.m.s.f.DefaultMavenResourcesFiltering - skip non existing resourceDirectory C:\Users\Ameen Sheriff\Documents\REST API AND SPRINGBOOT COMPONENTS\CA 1\crud3\src\test\resources
2023-03-02 16:18:31,172 [Worker-5: Building] INFO  o.e.m.c.i.l.LifecycleMappingFactory - Using org.eclipse.m2e.jdt.JarLifecycleMapping lifecycle mapping for MavenProject: com.example:crud:0.0.1-SNAPSHOT @ C:\Users\Ameen Sheriff\Documents\REST API AND SPRINGBOOT COMPONENTS\CA 1\crud4\pom.xml.
2023-03-02 16:18:32,133 [Worker-5: Building] INFO  o.a.m.s.f.DefaultMavenResourcesFiltering - Copying 1 resource
2023-03-02 16:18:32,168 [Worker-5: Building] INFO  o.a.m.s.f.DefaultMavenResourcesFiltering - Copying 0 resource
2023-03-02 16:18:32,175 [Worker-5: Building] INFO  o.a.m.s.f.DefaultMavenResourcesFiltering - skip non existing resourceDirectory C:\Users\Ameen Sheriff\Documents\REST API AND SPRINGBOOT COMPONENTS\CA 1\crud4\src\test\resources
2023-03-02 16:18:33,601 [Worker-1: Building] INFO  o.a.m.s.f.DefaultMavenResourcesFiltering - Copying 1 resource
2023-03-02 16:18:33,608 [Worker-1: Building] INFO  o.a.m.s.f.DefaultMavenResourcesFiltering - Copying 0 resource
2023-03-02 16:18:33,615 [Worker-1: Building] INFO  o.a.m.s.f.DefaultMavenResourcesFiltering - skip non existing resourceDirectory C:\Users\Ameen Sheriff\Documents\REST API AND SPRINGBOOT COMPONENTS\CA 1\crud1\src\test\resources
2023-03-02 16:18:33,943 [Worker-1: Building] INFO  o.a.m.s.f.DefaultMavenResourcesFiltering - Copying 1 resource
2023-03-02 16:18:33,947 [Worker-1: Building] INFO  o.a.m.s.f.DefaultMavenResourcesFiltering - Copying 0 resource
2023-03-02 16:18:33,952 [Worker-1: Building] INFO  o.a.m.s.f.DefaultMavenResourcesFiltering - skip non existing resourceDirectory C:\Users\Ameen Sheriff\Documents\REST API AND SPRINGBOOT COMPONENTS\CA 1\crud2\src\test\resources
2023-03-02 16:18:34,258 [Worker-1: Building] INFO  o.a.m.s.f.DefaultMavenResourcesFiltering - Copying 1 resource
2023-03-02 16:18:34,262 [Worker-1: Building] INFO  o.a.m.s.f.DefaultMavenResourcesFiltering - Copying 0 resource
2023-03-02 16:18:34,269 [Worker-1: Building] INFO  o.a.m.s.f.DefaultMavenResourcesFiltering - skip non existing resourceDirectory C:\Users\Ameen Sheriff\Documents\REST API AND SPRINGBOOT COMPONENTS\CA 1\crud3\src\test\resources
2023-03-02 16:18:34,518 [Worker-1: Building] INFO  o.a.m.s.f.DefaultMavenResourcesFiltering - Copying 1 resource
2023-03-02 16:18:34,523 [Worker-1: Building] INFO  o.a.m.s.f.DefaultMavenResourcesFiltering - Copying 0 resource
2023-03-02 16:18:34,532 [Worker-1: Building] INFO  o.a.m.s.f.DefaultMavenResourcesFiltering - skip non existing resourceDirectory C:\Users\Ameen Sheriff\Documents\REST API AND SPRINGBOOT COMPONENTS\CA 1\crud4\src\test\resources
2023-03-02 16:18:46,545 [Worker-9: Building] INFO  o.e.m.c.i.l.LifecycleMappingFactory - Using org.eclipse.m2e.jdt.JarLifecycleMapping lifecycle mapping for MavenProject: com.example:crud:0.0.1-SNAPSHOT @ C:\Users\Ameen Sheriff\Documents\REST API AND SPRINGBOOT COMPONENTS\CA 1\proj1\pom.xml.
2023-03-02 16:18:47,322 [Worker-9: Building] INFO  o.a.m.s.f.DefaultMavenResourcesFiltering - Copying 1 resource
2023-03-02 16:18:47,379 [Worker-9: Building] INFO  o.a.m.s.f.DefaultMavenResourcesFiltering - Copying 0 resource
2023-03-02 16:18:47,384 [Worker-9: Building] INFO  o.a.m.s.f.DefaultMavenResourcesFiltering - skip non existing resourceDirectory C:\Users\Ameen Sheriff\Documents\REST API AND SPRINGBOOT COMPONENTS\CA 1\proj1\src\test\resources
2023-03-02 16:18:48,716 [Worker-10: Building] INFO  o.a.m.s.f.DefaultMavenResourcesFiltering - Copying 1 resource
2023-03-02 16:18:48,720 [Worker-10: Building] INFO  o.a.m.s.f.DefaultMavenResourcesFiltering - Copying 0 resource
2023-03-02 16:18:48,725 [Worker-10: Building] INFO  o.a.m.s.f.DefaultMavenResourcesFiltering - skip non existing resourceDirectory C:\Users\Ameen Sheriff\Documents\REST API AND SPRINGBOOT COMPONENTS\CA 1\proj1\src\test\resources
2023-03-02 16:19:02,395 [Worker-9: Building] INFO  o.e.m.c.i.l.LifecycleMappingFactory - Using org.eclipse.m2e.jdt.JarLifecycleMapping lifecycle mapping for MavenProject: com.example:crud:0.0.1-SNAPSHOT @ C:\Users\Ameen Sheriff\Documents\REST API AND SPRINGBOOT COMPONENTS\CA 1\proj2\pom.xml.
2023-03-02 16:19:03,221 [Worker-9: Building] INFO  o.a.m.s.f.DefaultMavenResourcesFiltering - Copying 1 resource
2023-03-02 16:19:03,276 [Worker-9: Building] INFO  o.a.m.s.f.DefaultMavenResourcesFiltering - Copying 0 resource
2023-03-02 16:19:03,283 [Worker-9: Building] INFO  o.a.m.s.f.DefaultMavenResourcesFiltering - skip non existing resourceDirectory C:\Users\Ameen Sheriff\Documents\REST API AND SPRINGBOOT COMPONENTS\CA 1\proj2\src\test\resources
2023-03-02 16:19:04,661 [Worker-1: Building] INFO  o.a.m.s.f.DefaultMavenResourcesFiltering - Copying 1 resource
2023-03-02 16:19:04,664 [Worker-1: Building] INFO  o.a.m.s.f.DefaultMavenResourcesFiltering - Copying 0 resource
2023-03-02 16:19:04,670 [Worker-1: Building] INFO  o.a.m.s.f.DefaultMavenResourcesFiltering - skip non existing resourceDirectory C:\Users\Ameen Sheriff\Documents\REST API AND SPRINGBOOT COMPONENTS\CA 1\proj2\src\test\resources
2023-03-02 16:19:13,711 [Worker-10: Building] INFO  o.e.m.c.i.l.LifecycleMappingFactory - Using org.eclipse.m2e.jdt.JarLifecycleMapping lifecycle mapping for MavenProject: com.example:crud:0.0.1-SNAPSHOT @ C:\Users\Ameen Sheriff\Documents\REST API AND SPRINGBOOT COMPONENTS\CA 1\proj3\pom.xml.
2023-03-02 16:19:14,519 [Worker-10: Building] INFO  o.a.m.s.f.DefaultMavenResourcesFiltering - Copying 1 resource
2023-03-02 16:19:14,564 [Worker-10: Building] INFO  o.a.m.s.f.DefaultMavenResourcesFiltering - Copying 0 resource
2023-03-02 16:19:14,572 [Worker-10: Building] INFO  o.a.m.s.f.DefaultMavenResourcesFiltering - skip non existing resourceDirectory C:\Users\Ameen Sheriff\Documents\REST API AND SPRINGBOOT COMPONENTS\CA 1\proj3\src\test\resources
2023-03-02 16:19:15,843 [Worker-0: Building] INFO  o.a.m.s.f.DefaultMavenResourcesFiltering - Copying 1 resource
2023-03-02 16:19:15,847 [Worker-0: Building] INFO  o.a.m.s.f.DefaultMavenResourcesFiltering - Copying 0 resource
2023-03-02 16:19:15,854 [Worker-0: Building] INFO  o.a.m.s.f.DefaultMavenResourcesFiltering - skip non existing resourceDirectory C:\Users\Ameen Sheriff\Documents\REST API AND SPRINGBOOT COMPONENTS\CA 1\proj3\src\test\resources
2023-03-02 16:19:24,573 [Worker-6: Building] INFO  o.e.m.c.i.l.LifecycleMappingFactory - Using org.eclipse.m2e.jdt.JarLifecycleMapping lifecycle mapping for MavenProject: com.example:crud:0.0.1-SNAPSHOT @ C:\Users\Ameen Sheriff\Documents\REST API AND SPRINGBOOT COMPONENTS\CA 1\proj4\pom.xml.
2023-03-02 16:19:25,315 [Worker-6: Building] INFO  o.a.m.s.f.DefaultMavenResourcesFiltering - Copying 1 resource
2023-03-02 16:19:25,341 [Worker-6: Building] INFO  o.a.m.s.f.DefaultMavenResourcesFiltering - Copying 0 resource
2023-03-02 16:19:25,347 [Worker-6: Building] INFO  o.a.m.s.f.DefaultMavenResourcesFiltering - skip non existing resourceDirectory C:\Users\Ameen Sheriff\Documents\REST API AND SPRINGBOOT COMPONENTS\CA 1\proj4\src\test\resources
2023-03-02 16:19:26,663 [Worker-10: Building] INFO  o.a.m.s.f.DefaultMavenResourcesFiltering - Copying 1 resource
2023-03-02 16:19:26,669 [Worker-10: Building] INFO  o.a.m.s.f.DefaultMavenResourcesFiltering - Copying 0 resource
2023-03-02 16:19:26,678 [Worker-10: Building] INFO  o.a.m.s.f.DefaultMavenResourcesFiltering - skip non existing resourceDirectory C:\Users\Ameen Sheriff\Documents\REST API AND SPRINGBOOT COMPONENTS\CA 1\proj4\src\test\resources
2023-03-02 16:19:51,228 [Worker-11: Building] INFO  o.a.m.s.f.DefaultMavenResourcesFiltering - Copying 1 resource
2023-03-02 16:19:51,244 [Worker-11: Building] INFO  o.a.m.s.f.DefaultMavenResourcesFiltering - Copying 0 resource
2023-03-02 16:19:51,250 [Worker-11: Building] INFO  o.a.m.s.f.DefaultMavenResourcesFiltering - skip non existing resourceDirectory C:\Users\Ameen Sheriff\Documents\REST API AND SPRINGBOOT COMPONENTS\CA 1\proj1\src\test\resources
2023-03-02 16:20:15,844 [Worker-12: Building] INFO  o.a.m.s.f.DefaultMavenResourcesFiltering - Copying 1 resource
2023-03-02 16:20:15,865 [Worker-12: Building] INFO  o.a.m.s.f.DefaultMavenResourcesFiltering - Copying 0 resource
2023-03-02 16:20:15,874 [Worker-12: Building] INFO  o.a.m.s.f.DefaultMavenResourcesFiltering - skip non existing resourceDirectory C:\Users\Ameen Sheriff\Documents\REST API AND SPRINGBOOT COMPONENTS\CA 1\proj2\src\test\resources
2023-03-02 16:20:41,427 [Worker-0: Building] INFO  o.a.m.s.f.DefaultMavenResourcesFiltering - Copying 1 resource
2023-03-02 16:20:41,490 [Worker-0: Building] INFO  o.a.m.s.f.DefaultMavenResourcesFiltering - Copying 0 resource
2023-03-02 16:20:41,496 [Worker-0: Building] INFO  o.a.m.s.f.DefaultMavenResourcesFiltering - skip non existing resourceDirectory C:\Users\Ameen Sheriff\Documents\REST API AND SPRINGBOOT COMPONENTS\CA 1\proj3\src\test\resources
2023-03-02 16:21:08,367 [Worker-9: Building] INFO  o.a.m.s.f.DefaultMavenResourcesFiltering - Copying 1 resource
2023-03-02 16:21:08,381 [Worker-9: Building] INFO  o.a.m.s.f.DefaultMavenResourcesFiltering - Copying 0 resource
2023-03-02 16:21:08,387 [Worker-9: Building] INFO  o.a.m.s.f.DefaultMavenResourcesFiltering - skip non existing resourceDirectory C:\Users\Ameen Sheriff\Documents\REST API AND SPRINGBOOT COMPONENTS\CA 1\proj4\src\test\resources
